🔧 Tesla Server Starting...
📁 Script location: /Users/joeatang/Documents/GitHub/Stay-hi
📁 Public directory: /Users/joeatang/Documents/GitHub/Stay-hi/public
🛑 Stopping existing servers...
✅ All files verified
📍 Current directory: /Users/joeatang/Documents/GitHub/Stay-hi/public
📋 Key files:
-rw-r--r--@ 1 joeatang  staff  78244 Nov  1 06:16 82815_stayhi_index.html
-rw-r--r--@ 1 joeatang  staff  25377 Nov  1 05:47 tesla-wozniak-diagnostic.html

🚀 Starting Tesla Server on port 8205...
🌐 Dashboard: http://localhost:8205/82815_stayhi_index.html
🔬 Diagnostic: http://localhost:8205/tesla-wozniak-diagnostic.html

Press Ctrl+C to stop the server

::1 - - [01/Nov/2025 06:55:09] "GET /tesla-simplified-dashboard.html HTTP/1.1" 200 -
::1 - - [01/Nov/2025 06:55:09] "GET /assets/url-path-fixer.js HTTP/1.1" 200 -
::1 - - [01/Nov/2025 06:55:09] "GET /assets/progressive-auth.js HTTP/1.1" 200 -
::1 - - [01/Nov/2025 06:55:10] "GET /manifest.json HTTP/1.1" 200 -
::1 - - [01/Nov/2025 06:55:10] "GET /assets/brand/hi-logo-192.png HTTP/1.1" 200 -
::1 - - [01/Nov/2025 06:55:22] "GET /tesla-simplified-dashboard.html HTTP/1.1" 200 -
::1 - - [01/Nov/2025 06:55:27] "GET /82815_stayhi_index.html HTTP/1.1" 200 -
::1 - - [01/Nov/2025 06:55:28] "GET /app.html HTTP/1.1" 200 -
::1 - - [01/Nov/2025 07:04:28] "GET /tesla-simplified-dashboard.html HTTP/1.1" 200 -
::1 - - [01/Nov/2025 07:06:29] "GET /tesla-simplified-dashboard.html HTTP/1.1" 200 -
::1 - - [01/Nov/2025 07:06:57] "GET /tesla-simplified-dashboard.html HTTP/1.1" 200 -
::1 - - [01/Nov/2025 07:06:57] "GET /assets/anonymous-access-modal.js HTTP/1.1" 200 -
::1 - - [01/Nov/2025 07:08:55] "GET /hi-island-NEW.html HTTP/1.1" 200 -
::1 - - [01/Nov/2025 07:08:55] "GET /styles/tokens.css HTTP/1.1" 200 -
::1 - - [01/Nov/2025 07:08:55] "GET /styles/base.css HTTP/1.1" 200 -
::1 - - [01/Nov/2025 07:08:55] "GET /components/hi-island-map/map.css HTTP/1.1" 200 -
::1 - - [01/Nov/2025 07:08:55] "GET /components/hi-island-feed/feed.css HTTP/1.1" 200 -
::1 - - [01/Nov/2025 07:08:55] "GET /components/hi-share-sheet/share-sheet.css HTTP/1.1" 200 -
::1 - - [01/Nov/2025 07:08:55] "GET /components/profile-preview-modal/profile-modal.css HTTP/1.1" 200 -
::1 - - [01/Nov/2025 07:08:55] "GET /assets/pwa-manager.js HTTP/1.1" 200 -
::1 - - [01/Nov/2025 07:08:55] "GET /assets/avatar-utils.js HTTP/1.1" 200 -
::1 - - [01/Nov/2025 07:08:55] "GET /assets/feature-flags.js HTTP/1.1" 200 -
::1 - - [01/Nov/2025 07:08:55] "GET /components/hi-share-sheet/share-sheet.js HTTP/1.1" 200 -
::1 - - [01/Nov/2025 07:08:55] "GET /assets/hi-rewards-controller.js HTTP/1.1" 200 -
::1 - - [01/Nov/2025 07:08:55] "GET /components/hi-island-feed/feed.js HTTP/1.1" 200 -
::1 - - [01/Nov/2025 07:08:55] "GET /components/hi-island-map/map.js HTTP/1.1" 200 -
::1 - - [01/Nov/2025 07:08:55] "GET /components/profile-preview-modal/profile-modal.js HTTP/1.1" 200 -
::1 - - [01/Nov/2025 07:08:55] "GET /assets/hi-rewards-styles.css HTTP/1.1" 200 -
::1 - - [01/Nov/2025 07:08:58] "GET /sw.js HTTP/1.1" 200 -
::1 - - [01/Nov/2025 07:08:58] "GET / HTTP/1.1" 200 -
::1 - - [01/Nov/2025 07:08:58] "GET /welcome.html HTTP/1.1" 200 -
::1 - - [01/Nov/2025 07:08:58] "GET /signin.html HTTP/1.1" 200 -
::1 - - [01/Nov/2025 07:08:58] "GET /signup.html HTTP/1.1" 200 -
::1 - - [01/Nov/2025 07:08:58] "GET /index.html HTTP/1.1" 200 -
::1 - - [01/Nov/2025 07:08:58] "GET /hi-muscle.html HTTP/1.1" 200 -
::1 - - [01/Nov/2025 07:08:58] "GET /profile.html HTTP/1.1" 200 -
::1 - - [01/Nov/2025 07:08:58] "GET /calendar.html HTTP/1.1" 200 -
::1 - - [01/Nov/2025 07:08:58] "GET /assets/auth-guard.js HTTP/1.1" 304 -
::1 - - [01/Nov/2025 07:08:58] "GET /assets/tesla-instant-auth.js HTTP/1.1" 200 -
::1 - - [01/Nov/2025 07:08:58] "GET /assets/brand/hi-logo-dark.png HTTP/1.1" 200 -
::1 - - [01/Nov/2025 07:09:05] "GET /sw.js HTTP/1.1" 304 -
::1 - - [01/Nov/2025 07:09:28] "GET /tesla-simplified-dashboard.html HTTP/1.1" 200 -
::1 - - [01/Nov/2025 07:10:02] "GET /tesla-simplified-dashboard.html HTTP/1.1" 200 -
::1 - - [01/Nov/2025 07:10:05] "GET /sw.js HTTP/1.1" 304 -
::1 - - [01/Nov/2025 07:22:04] "GET /tesla-simplified-dashboard.html HTTP/1.1" 200 -
::1 - - [01/Nov/2025 07:22:37] "GET /tesla-simplified-dashboard.html HTTP/1.1" 200 -
::1 - - [01/Nov/2025 07:22:40] "GET /sw.js HTTP/1.1" 304 -
::1 - - [01/Nov/2025 07:40:38] "GET /tesla-simplified-dashboard.html HTTP/1.1" 200 -
::1 - - [01/Nov/2025 07:46:46] "GET /assets/emotions.js HTTP/1.1" 200 -
::1 - - [01/Nov/2025 07:46:46] "GET /assets/hi-gym.js HTTP/1.1" 200 -
::1 - - [01/Nov/2025 07:46:49] "GET /sw.js HTTP/1.1" 304 -
::1 - - [01/Nov/2025 07:46:50] code 404, message File not found
::1 - - [01/Nov/2025 07:46:50] "GET /phase3-loader.js HTTP/1.1" 404 -
::1 - - [01/Nov/2025 07:46:50] "GET /assets/hi-flow-controller.js HTTP/1.1" 200 -
::1 - - [01/Nov/2025 07:46:50] "GET /assets/tesla-supabase-manager.js HTTP/1.1" 200 -
::1 - - [01/Nov/2025 07:46:50] "GET /assets/tesla-auth-controller.js HTTP/1.1" 200 -
::1 - - [01/Nov/2025 07:46:51] "GET /assets/unified-membership-system.js HTTP/1.1" 200 -
::1 - - [01/Nov/2025 07:46:51] "GET /assets/hi-flow-controller.css HTTP/1.1" 200 -
::1 - - [01/Nov/2025 07:46:51] "GET /assets/tesla-edge-protection.css HTTP/1.1" 200 -
::1 - - [01/Nov/2025 07:46:51] "GET /assets/hi-access-tiers.js HTTP/1.1" 200 -
::1 - - [01/Nov/2025 07:46:51] "GET /assets/hi-rewards-beta.js HTTP/1.1" 200 -
::1 - - [01/Nov/2025 07:46:51] "GET /assets/real-time-stats.js HTTP/1.1" 200 -
::1 - - [01/Nov/2025 07:46:53] "GET /sw.js HTTP/1.1" 304 -
::1 - - [01/Nov/2025 07:46:56] "GET /app.html?source=welcome HTTP/1.1" 200 -
::1 - - [01/Nov/2025 07:46:56] code 404, message File not found
::1 - - [01/Nov/2025 07:46:56] "GET /assets/sounds/hi-pulse.mp3 HTTP/1.1" 404 -
::1 - - [01/Nov/2025 07:46:56] code 404, message File not found
::1 - - [01/Nov/2025 07:46:56] "GET /assets/performance-tester.js HTTP/1.1" 404 -
::1 - - [01/Nov/2025 07:46:57] "GET /assets/image-optimizer.js HTTP/1.1" 200 -
::1 - - [01/Nov/2025 07:46:59] "GET /sw.js HTTP/1.1" 304 -
::1 - - [01/Nov/2025 07:47:34] "GET /tesla-simplified-dashboard.html HTTP/1.1" 200 -
::1 - - [01/Nov/2025 07:47:34] "GET /assets/url-path-fixer.js HTTP/1.1" 200 -
::1 - - [01/Nov/2025 07:47:34] "GET /assets/premium-ux.css HTTP/1.1" 200 -
::1 - - [01/Nov/2025 07:47:34] "GET /assets/premium-calendar.css HTTP/1.1" 200 -
::1 - - [01/Nov/2025 07:47:34] "GET /assets/premium-footer.css HTTP/1.1" 200 -
::1 - - [01/Nov/2025 07:47:34] "GET /styles/modal-base.css HTTP/1.1" 200 -
::1 - - [01/Nov/2025 07:47:34] "GET /assets/progressive-auth.js HTTP/1.1" 200 -
::1 - - [01/Nov/2025 07:47:34] "GET /assets/anonymous-access-modal.js HTTP/1.1" 200 -
::1 - - [01/Nov/2025 07:47:34] "GET /assets/performance-manager.js HTTP/1.1" 200 -
::1 - - [01/Nov/2025 07:47:34] "GET /assets/brand/hi-logo-light.png HTTP/1.1" 200 -
::1 - - [01/Nov/2025 07:47:34] "GET /assets/premium-ux.js HTTP/1.1" 200 -
::1 - - [01/Nov/2025 07:47:35] "GET /assets/premium-calendar.js HTTP/1.1" 200 -
::1 - - [01/Nov/2025 07:47:35] "GET /assets/premium-footer.js HTTP/1.1" 200 -
::1 - - [01/Nov/2025 07:47:35] "GET /favicon.ico HTTP/1.1" 200 -
::1 - - [01/Nov/2025 07:47:35] "GET /favicon.ico HTTP/1.1" 200 -
::1 - - [01/Nov/2025 07:50:32] "GET /tesla-simplified-dashboard.html HTTP/1.1" 200 -
::1 - - [01/Nov/2025 07:50:32] "GET /assets/url-path-fixer.js HTTP/1.1" 200 -
::1 - - [01/Nov/2025 07:50:32] "GET /assets/premium-calendar.css HTTP/1.1" 200 -
::1 - - [01/Nov/2025 07:50:32] "GET /assets/premium-ux.css HTTP/1.1" 200 -
::1 - - [01/Nov/2025 07:50:32] "GET /assets/premium-footer.css HTTP/1.1" 200 -
::1 - - [01/Nov/2025 07:50:32] "GET /styles/modal-base.css HTTP/1.1" 200 -
::1 - - [01/Nov/2025 07:50:32] "GET /assets/progressive-auth.js HTTP/1.1" 200 -
::1 - - [01/Nov/2025 07:50:32] "GET /assets/anonymous-access-modal.js HTTP/1.1" 200 -
::1 - - [01/Nov/2025 07:50:32] "GET /assets/performance-manager.js HTTP/1.1" 200 -
::1 - - [01/Nov/2025 07:50:32] "GET /assets/brand/hi-logo-light.png HTTP/1.1" 200 -
::1 - - [01/Nov/2025 07:50:32] "GET /assets/premium-ux.js HTTP/1.1" 200 -
::1 - - [01/Nov/2025 07:50:32] "GET /assets/premium-calendar.js HTTP/1.1" 200 -
::1 - - [01/Nov/2025 07:50:32] "GET /assets/premium-footer.js HTTP/1.1" 200 -
::1 - - [01/Nov/2025 07:50:40] "GET /favicon.ico HTTP/1.1" 200 -
::1 - - [01/Nov/2025 07:50:40] "GET /favicon.ico HTTP/1.1" 200 -
::1 - - [01/Nov/2025 07:51:07] "GET /sw.js HTTP/1.1" 304 -
::1 - - [01/Nov/2025 07:51:14] "GET /assets/location-picker.js HTTP/1.1" 200 -
::1 - - [01/Nov/2025 07:51:14] "GET /assets/social-avatar-uploader.js HTTP/1.1" 200 -
::1 - - [01/Nov/2025 07:51:14] "GET /assets/location-picker.css HTTP/1.1" 200 -
::1 - - [01/Nov/2025 07:51:15] "GET /sw.js HTTP/1.1" 304 -
::1 - - [01/Nov/2025 07:51:30] "GET /sw.js HTTP/1.1" 304 -
::1 - - [01/Nov/2025 07:51:43] "GET /tesla-simplified-dashboard.html HTTP/1.1" 200 -
::1 - - [01/Nov/2025 07:51:43] "GET /assets/url-path-fixer.js HTTP/1.1" 200 -
::1 - - [01/Nov/2025 07:51:43] "GET /assets/premium-calendar.css HTTP/1.1" 200 -
::1 - - [01/Nov/2025 07:51:43] "GET /assets/premium-ux.css HTTP/1.1" 200 -
::1 - - [01/Nov/2025 07:51:43] "GET /assets/premium-footer.css HTTP/1.1" 200 -
::1 - - [01/Nov/2025 07:51:43] "GET /styles/modal-base.css HTTP/1.1" 200 -
::1 - - [01/Nov/2025 07:51:43] "GET /assets/progressive-auth.js HTTP/1.1" 200 -
::1 - - [01/Nov/2025 07:51:43] "GET /assets/anonymous-access-modal.js HTTP/1.1" 200 -
::1 - - [01/Nov/2025 07:51:43] "GET /assets/performance-manager.js HTTP/1.1" 200 -
::1 - - [01/Nov/2025 07:51:43] "GET /assets/brand/hi-logo-light.png HTTP/1.1" 200 -
::1 - - [01/Nov/2025 07:51:43] "GET /assets/premium-ux.js HTTP/1.1" 200 -
::1 - - [01/Nov/2025 07:51:43] "GET /assets/premium-calendar.js HTTP/1.1" 200 -
::1 - - [01/Nov/2025 07:51:43] "GET /assets/premium-footer.js HTTP/1.1" 200 -
::1 - - [01/Nov/2025 07:51:44] "GET /favicon.ico HTTP/1.1" 200 -
::1 - - [01/Nov/2025 07:51:44] "GET /favicon.ico HTTP/1.1" 200 -
::1 - - [01/Nov/2025 07:55:26] code 404, message File not found
::1 - - [01/Nov/2025 07:55:26] "GET /phase3-loader.js HTTP/1.1" 404 -
::1 - - [01/Nov/2025 07:55:28] "GET /sw.js HTTP/1.1" 304 -
::1 - - [01/Nov/2025 08:01:24] code 404, message File not found
::1 - - [01/Nov/2025 08:01:24] "GET /tesla-simplified-dashboard.html HTTP/1.1" 404 -
::1 - - [01/Nov/2025 08:01:25] "GET /favicon.ico HTTP/1.1" 200 -
::1 - - [01/Nov/2025 08:01:25] "GET /favicon.ico HTTP/1.1" 200 -
