::1 - - [31/Oct/2025 15:30:24] "HEAD /82815_stayhi_index.html HTTP/1.1" 200 -
::1 - - [31/Oct/2025 15:30:30] "GET /82815_stayhi_index.html?id=9f6556b1-a4e9-4070-bc50-7af1d68625a7&vscodeBrowserReqId=1761939030633 HTTP/1.1" 200 -
::1 - - [31/Oct/2025 15:30:30] "GET /assets/auth-guard.js HTTP/1.1" 200 -
::1 - - [31/Oct/2025 15:30:30] "GET /assets/performance-manager.js HTTP/1.1" 200 -
::1 - - [31/Oct/2025 15:30:30] "GET /assets/hi-loading-experience.css HTTP/1.1" 200 -
::1 - - [31/Oct/2025 15:30:30] "GET /assets/theme.css HTTP/1.1" 200 -
::1 - - [31/Oct/2025 15:30:30] "GET /assets/premium-ux.css HTTP/1.1" 200 -
::1 - - [31/Oct/2025 15:30:30] "GET /assets/create-parity.css HTTP/1.1" 200 -
::1 - - [31/Oct/2025 15:30:30] "GET /assets/premium-calendar.css HTTP/1.1" 200 -
::1 - - [31/Oct/2025 15:30:30] "GET /assets/premium-stats.css HTTP/1.1" 200 -
::1 - - [31/Oct/2025 15:30:30] "GET /assets/onboarding.css HTTP/1.1" 200 -
::1 - - [31/Oct/2025 15:30:30] "GET /styles/modal-base.css HTTP/1.1" 200 -
::1 - - [31/Oct/2025 15:30:30] "GET /assets/premium-footer.css HTTP/1.1" 200 -
::1 - - [31/Oct/2025 15:30:30] "GET /assets/tesla-mobile-fixes.css HTTP/1.1" 200 -
::1 - - [31/Oct/2025 15:30:30] "GET /assets/hi-loading-experience.js HTTP/1.1" 200 -
::1 - - [31/Oct/2025 15:30:30] "GET /assets/tesla-data-isolation.js HTTP/1.1" 200 -
::1 - - [31/Oct/2025 15:30:30] "GET /assets/brand/hi-logo-light.png HTTP/1.1" 200 -
::1 - - [31/Oct/2025 15:30:30] "GET /assets/supabase-init.js HTTP/1.1" 200 -
::1 - - [31/Oct/2025 15:30:30] "GET /assets/auth.js HTTP/1.1" 200 -
::1 - - [31/Oct/2025 15:30:30] "GET /assets/db.js HTTP/1.1" 200 -
::1 - - [31/Oct/2025 15:30:30] "GET /assets/geocoding-service.js HTTP/1.1" 200 -
::1 - - [31/Oct/2025 15:30:30] "GET /assets/counter-integrity.js HTTP/1.1" 200 -
::1 - - [31/Oct/2025 15:30:30] "GET /assets/header.js HTTP/1.1" 200 -
::1 - - [31/Oct/2025 15:30:30] "GET /assets/premium-ux.js HTTP/1.1" 200 -
::1 - - [31/Oct/2025 15:30:30] "GET /assets/global-stats.js HTTP/1.1" 200 -
::1 - - [31/Oct/2025 15:30:30] "GET /assets/system-demo.js HTTP/1.1" 200 -
::1 - - [31/Oct/2025 15:30:30] "GET /assets/premium-calendar.js HTTP/1.1" 200 -
::1 - - [31/Oct/2025 15:30:30] "GET /js/modal-base.js HTTP/1.1" 200 -
::1 - - [31/Oct/2025 15:30:30] "GET /assets/onboarding.js HTTP/1.1" 200 -
::1 - - [31/Oct/2025 15:30:30] "GET /assets/premium-footer.js HTTP/1.1" 200 -
::1 - - [31/Oct/2025 15:30:30] "GET /assets/auth-health-monitor.js HTTP/1.1" 200 -
::1 - - [31/Oct/2025 15:30:30] "GET /assets/brand/hi-logo-dark.png HTTP/1.1" 200 -
::1 - - [31/Oct/2025 15:30:30] "GET /welcome.html HTTP/1.1" 200 -
::1 - - [31/Oct/2025 15:30:31] "GET /assets/hi-flow-controller.css HTTP/1.1" 200 -
::1 - - [31/Oct/2025 15:30:31] "GET /assets/unified-membership-system.js HTTP/1.1" 200 -
::1 - - [31/Oct/2025 15:30:31] "GET /assets/hi-access-tiers.js HTTP/1.1" 200 -
::1 - - [31/Oct/2025 15:30:31] "GET /assets/hi-flow-controller.js HTTP/1.1" 200 -
::1 - - [31/Oct/2025 15:30:31] "GET /assets/tesla-edge-protection.css HTTP/1.1" 200 -
::1 - - [31/Oct/2025 15:30:31] "GET /assets/pwa-manager.js HTTP/1.1" 200 -
::1 - - [31/Oct/2025 15:30:31] "GET /assets/hi-rewards-beta.js HTTP/1.1" 200 -
::1 - - [31/Oct/2025 15:30:31] "GET /assets/real-time-stats.js HTTP/1.1" 200 -
::1 - - [31/Oct/2025 15:30:31] "GET /sw.js HTTP/1.1" 200 -
::1 - - [31/Oct/2025 15:30:31] "GET / HTTP/1.1" 200 -
::1 - - [31/Oct/2025 15:30:31] "GET /signin.html HTTP/1.1" 200 -
::1 - - [31/Oct/2025 15:30:31] "GET /signup.html HTTP/1.1" 200 -
::1 - - [31/Oct/2025 15:30:31] "GET /index.html HTTP/1.1" 200 -
::1 - - [31/Oct/2025 15:30:31] "GET /hi-island-NEW.html HTTP/1.1" 200 -
::1 - - [31/Oct/2025 15:30:31] "GET /hi-muscle.html HTTP/1.1" 200 -
::1 - - [31/Oct/2025 15:30:31] "GET /profile.html HTTP/1.1" 200 -
::1 - - [31/Oct/2025 15:30:31] "GET /calendar.html HTTP/1.1" 200 -
::1 - - [31/Oct/2025 15:30:31] "GET /assets/tesla-instant-auth.js HTTP/1.1" 200 -
::1 - - [31/Oct/2025 15:30:40] code 404, message File not found
::1 - - [31/Oct/2025 15:30:40] "GET /app.html?source=welcome HTTP/1.1" 200 -
::1 - - [31/Oct/2025 15:30:40] "GET /assets/sounds/hi-pulse.mp3 HTTP/1.1" 404 -
::1 - - [31/Oct/2025 15:30:40] "GET /assets/progressive-auth.js HTTP/1.1" 200 -
::1 - - [31/Oct/2025 15:30:40] "GET /assets/url-path-fixer.js HTTP/1.1" 200 -
::1 - - [31/Oct/2025 15:30:40] code 404, message File not found
::1 - - [31/Oct/2025 15:30:40] "GET /assets/performance-tester.js HTTP/1.1" 404 -
::1 - - [31/Oct/2025 15:30:40] "GET /assets/anonymous-access-modal.js HTTP/1.1" 200 -
::1 - - [31/Oct/2025 15:30:40] "GET /assets/image-optimizer.js HTTP/1.1" 200 -
::1 - - [31/Oct/2025 15:30:42] "GET /sw.js HTTP/1.1" 304 -
::1 - - [31/Oct/2025 15:34:00] "GET /82815_stayhi_index.html?id=9f6556b1-a4e9-4070-bc50-7af1d68625a7&vscodeBrowserReqId=1761939240942 HTTP/1.1" 200 -
::1 - - [31/Oct/2025 15:34:01] "GET /assets/hi-flow-controller.js HTTP/1.1" 304 -
::1 - - [31/Oct/2025 15:34:02] "GET /sw.js HTTP/1.1" 304 -
::1 - - [31/Oct/2025 15:34:30] "GET /82815_stayhi_index.html?id=9f6556b1-a4e9-4070-bc50-7af1d68625a7&vscodeBrowserReqId=1761939270164 HTTP/1.1" 200 -
::1 - - [31/Oct/2025 15:34:32] "GET /sw.js HTTP/1.1" 304 -
::1 - - [31/Oct/2025 15:56:53] "GET /82815_stayhi_index.html HTTP/1.1" 200 -
::1 - - [31/Oct/2025 15:56:53] "GET /assets/hi-loading-experience.css HTTP/1.1" 200 -
::1 - - [31/Oct/2025 15:56:53] "GET /assets/theme.css HTTP/1.1" 200 -
::1 - - [31/Oct/2025 15:56:53] "GET /assets/auth-guard.js HTTP/1.1" 200 -
::1 - - [31/Oct/2025 15:56:53] "GET /assets/performance-manager.js HTTP/1.1" 200 -
::1 - - [31/Oct/2025 15:56:53] "GET /assets/create-parity.css HTTP/1.1" 200 -
::1 - - [31/Oct/2025 15:56:53] "GET /assets/premium-ux.css HTTP/1.1" 200 -
::1 - - [31/Oct/2025 15:56:53] "GET /assets/premium-calendar.css HTTP/1.1" 200 -
::1 - - [31/Oct/2025 15:56:53] "GET /assets/premium-stats.css HTTP/1.1" 200 -
::1 - - [31/Oct/2025 15:56:53] "GET /assets/onboarding.css HTTP/1.1" 200 -
::1 - - [31/Oct/2025 15:56:53] "GET /assets/premium-footer.css HTTP/1.1" 200 -
::1 - - [31/Oct/2025 15:56:53] "GET /styles/modal-base.css HTTP/1.1" 200 -
::1 - - [31/Oct/2025 15:56:53] "GET /assets/tesla-mobile-fixes.css HTTP/1.1" 200 -
::1 - - [31/Oct/2025 15:56:53] "GET /assets/hi-loading-experience.js HTTP/1.1" 200 -
::1 - - [31/Oct/2025 15:56:53] "GET /assets/tesla-data-isolation.js HTTP/1.1" 200 -
::1 - - [31/Oct/2025 15:56:53] "GET /assets/brand/hi-logo-light.png HTTP/1.1" 200 -
::1 - - [31/Oct/2025 15:56:53] "GET /assets/supabase-init.js HTTP/1.1" 200 -
::1 - - [31/Oct/2025 15:56:54] "GET /assets/auth.js HTTP/1.1" 200 -
::1 - - [31/Oct/2025 15:56:54] "GET /assets/db.js HTTP/1.1" 200 -
::1 - - [31/Oct/2025 15:56:54] "GET /assets/counter-integrity.js HTTP/1.1" 200 -
::1 - - [31/Oct/2025 15:56:54] "GET /assets/geocoding-service.js HTTP/1.1" 200 -
::1 - - [31/Oct/2025 15:56:54] "GET /assets/header.js HTTP/1.1" 200 -
::1 - - [31/Oct/2025 15:56:54] "GET /assets/premium-ux.js HTTP/1.1" 200 -
::1 - - [31/Oct/2025 15:56:54] "GET /assets/premium-calendar.js HTTP/1.1" 200 -
::1 - - [31/Oct/2025 15:56:54] "GET /assets/global-stats.js HTTP/1.1" 200 -
::1 - - [31/Oct/2025 15:56:54] "GET /js/modal-base.js HTTP/1.1" 200 -
::1 - - [31/Oct/2025 15:56:54] "GET /assets/system-demo.js HTTP/1.1" 200 -
::1 - - [31/Oct/2025 15:56:54] "GET /assets/auth-health-monitor.js HTTP/1.1" 200 -
::1 - - [31/Oct/2025 15:56:54] "GET /assets/premium-footer.js HTTP/1.1" 200 -
::1 - - [31/Oct/2025 15:56:54] "GET /assets/onboarding.js HTTP/1.1" 200 -
::1 - - [31/Oct/2025 15:56:55] "GET /welcome.html HTTP/1.1" 200 -
::1 - - [31/Oct/2025 15:56:55] "GET /assets/hi-flow-controller.css HTTP/1.1" 200 -
::1 - - [31/Oct/2025 15:56:55] "GET /assets/unified-membership-system.js HTTP/1.1" 200 -
::1 - - [31/Oct/2025 15:56:55] "GET /assets/hi-flow-controller.js HTTP/1.1" 200 -
::1 - - [31/Oct/2025 15:56:55] "GET /assets/hi-access-tiers.js HTTP/1.1" 200 -
::1 - - [31/Oct/2025 15:56:55] "GET /assets/tesla-edge-protection.css HTTP/1.1" 200 -
::1 - - [31/Oct/2025 15:56:55] "GET /assets/pwa-manager.js HTTP/1.1" 200 -
::1 - - [31/Oct/2025 15:56:55] "GET /assets/hi-rewards-beta.js HTTP/1.1" 200 -
::1 - - [31/Oct/2025 15:56:55] "GET /assets/real-time-stats.js HTTP/1.1" 200 -
::1 - - [31/Oct/2025 15:56:55] "GET /manifest.json HTTP/1.1" 200 -
::1 - - [31/Oct/2025 15:56:55] "GET /favicon.ico HTTP/1.1" 200 -
::1 - - [31/Oct/2025 15:56:55] "GET /sw.js HTTP/1.1" 200 -
::1 - - [31/Oct/2025 15:56:55] "GET / HTTP/1.1" 200 -
::1 - - [31/Oct/2025 15:56:55] "GET /signin.html HTTP/1.1" 200 -
::1 - - [31/Oct/2025 15:56:55] "GET /assets/brand/hi-logo-192.png HTTP/1.1" 200 -
::1 - - [31/Oct/2025 15:56:55] "GET /signup.html HTTP/1.1" 200 -
::1 - - [31/Oct/2025 15:56:55] "GET /index.html HTTP/1.1" 200 -
::1 - - [31/Oct/2025 15:56:55] "GET /hi-island-NEW.html HTTP/1.1" 200 -
::1 - - [31/Oct/2025 15:56:55] "GET /hi-muscle.html HTTP/1.1" 200 -
::1 - - [31/Oct/2025 15:56:55] "GET /profile.html HTTP/1.1" 200 -
::1 - - [31/Oct/2025 15:56:55] "GET /calendar.html HTTP/1.1" 200 -
::1 - - [31/Oct/2025 15:56:55] "GET /assets/tesla-instant-auth.js HTTP/1.1" 200 -
::1 - - [31/Oct/2025 15:56:55] "GET /assets/brand/hi-logo-dark.png HTTP/1.1" 200 -
::1 - - [31/Oct/2025 15:56:57] "GET /app.html?source=welcome HTTP/1.1" 200 -
::1 - - [31/Oct/2025 15:56:57] code 404, message File not found
::1 - - [31/Oct/2025 15:56:57] "GET /assets/sounds/hi-pulse.mp3 HTTP/1.1" 404 -
::1 - - [31/Oct/2025 15:56:57] "GET /assets/url-path-fixer.js HTTP/1.1" 200 -
::1 - - [31/Oct/2025 15:56:57] "GET /assets/progressive-auth.js HTTP/1.1" 200 -
::1 - - [31/Oct/2025 15:56:57] "GET /assets/anonymous-access-modal.js HTTP/1.1" 200 -
::1 - - [31/Oct/2025 15:56:57] code 404, message File not found
::1 - - [31/Oct/2025 15:56:57] "GET /assets/performance-tester.js HTTP/1.1" 404 -
::1 - - [31/Oct/2025 15:56:58] "GET /assets/image-optimizer.js HTTP/1.1" 200 -
::1 - - [31/Oct/2025 15:57:00] "GET /sw.js HTTP/1.1" 304 -
::1 - - [31/Oct/2025 15:58:13] "GET /82815_stayhi_index.html HTTP/1.1" 200 -
::1 - - [31/Oct/2025 15:59:26] "GET /82815_stayhi_index.html?id=9f6556b1-a4e9-4070-bc50-7af1d68625a7&vscodeBrowserReqId=1761940766200 HTTP/1.1" 200 -
::1 - - [31/Oct/2025 15:59:26] "GET /welcome.html HTTP/1.1" 304 -
::1 - - [31/Oct/2025 15:59:28] "GET /sw.js HTTP/1.1" 304 -
::1 - - [31/Oct/2025 15:59:29] "GET /82815_stayhi_index.html HTTP/1.1" 200 -
::1 - - [31/Oct/2025 15:59:33] "GET /sw.js HTTP/1.1" 304 -
::1 - - [31/Oct/2025 15:59:33] code 404, message File not found
::1 - - [31/Oct/2025 15:59:33] "GET /assets/sounds/hi-pulse.mp3 HTTP/1.1" 404 -
::1 - - [31/Oct/2025 15:59:33] code 404, message File not found
::1 - - [31/Oct/2025 15:59:33] "GET /assets/performance-tester.js HTTP/1.1" 404 -
::1 - - [31/Oct/2025 15:59:35] "GET /sw.js HTTP/1.1" 304 -
::1 - - [31/Oct/2025 15:59:47] "GET /app.html?source=welcome HTTP/1.1" 200 -
::1 - - [31/Oct/2025 15:59:47] "GET /assets/url-path-fixer.js HTTP/1.1" 200 -
::1 - - [31/Oct/2025 15:59:47] "GET /assets/progressive-auth.js HTTP/1.1" 200 -
::1 - - [31/Oct/2025 15:59:47] "GET /assets/theme.css HTTP/1.1" 200 -
::1 - - [31/Oct/2025 15:59:47] "GET /assets/create-parity.css HTTP/1.1" 200 -
::1 - - [31/Oct/2025 15:59:47] "GET /assets/tesla-mobile-fixes.css HTTP/1.1" 200 -
::1 - - [31/Oct/2025 15:59:47] "GET /assets/premium-calendar.css HTTP/1.1" 200 -
::1 - - [31/Oct/2025 15:59:47] "GET /assets/premium-ux.css HTTP/1.1" 200 -
::1 - - [31/Oct/2025 15:59:47] "GET /assets/premium-stats.css HTTP/1.1" 200 -
::1 - - [31/Oct/2025 15:59:47] "GET /assets/onboarding.css HTTP/1.1" 200 -
::1 - - [31/Oct/2025 15:59:47] "GET /assets/premium-footer.css HTTP/1.1" 200 -
::1 - - [31/Oct/2025 15:59:47] "GET /assets/anonymous-access-modal.js HTTP/1.1" 200 -
::1 - - [31/Oct/2025 15:59:47] "GET /styles/modal-base.css HTTP/1.1" 200 -
::1 - - [31/Oct/2025 15:59:47] "GET /assets/performance-manager.js HTTP/1.1" 200 -
::1 - - [31/Oct/2025 15:59:47] code 404, message File not found
::1 - - [31/Oct/2025 15:59:47] "GET /assets/performance-tester.js HTTP/1.1" 404 -
::1 - - [31/Oct/2025 15:59:47] "GET /assets/pwa-manager.js HTTP/1.1" 200 -
::1 - - [31/Oct/2025 15:59:47] "GET /assets/tesla-data-isolation.js HTTP/1.1" 200 -
::1 - - [31/Oct/2025 15:59:47] "GET /assets/brand/hi-logo-light.png HTTP/1.1" 200 -
::1 - - [31/Oct/2025 15:59:47] "GET /assets/supabase-init.js HTTP/1.1" 200 -
::1 - - [31/Oct/2025 15:59:47] "GET /assets/auth.js HTTP/1.1" 200 -
::1 - - [31/Oct/2025 15:59:47] "GET /assets/db.js HTTP/1.1" 200 -
::1 - - [31/Oct/2025 15:59:47] "GET /assets/geocoding-service.js HTTP/1.1" 200 -
::1 - - [31/Oct/2025 15:59:47] "GET /assets/header.js HTTP/1.1" 200 -
::1 - - [31/Oct/2025 15:59:47] "GET /assets/premium-ux.js HTTP/1.1" 200 -
::1 - - [31/Oct/2025 15:59:47] "GET /assets/premium-calendar.js HTTP/1.1" 200 -
::1 - - [31/Oct/2025 15:59:47] "GET /assets/global-stats.js HTTP/1.1" 200 -
::1 - - [31/Oct/2025 15:59:47] "GET /assets/system-demo.js HTTP/1.1" 200 -
::1 - - [31/Oct/2025 15:59:47] "GET /js/modal-base.js HTTP/1.1" 200 -
::1 - - [31/Oct/2025 15:59:47] "GET /assets/premium-footer.js HTTP/1.1" 200 -
::1 - - [31/Oct/2025 15:59:47] "GET /assets/onboarding.js HTTP/1.1" 200 -
::1 - - [31/Oct/2025 15:59:47] "GET /assets/brand/hi-logo-dark.png HTTP/1.1" 200 -
::1 - - [31/Oct/2025 15:59:47] "GET /sw.js HTTP/1.1" 200 -
::1 - - [31/Oct/2025 15:59:47] "GET /favicon.ico HTTP/1.1" 200 -
::1 - - [31/Oct/2025 15:59:47] "GET /assets/image-optimizer.js HTTP/1.1" 200 -
::1 - - [31/Oct/2025 15:59:47] "GET / HTTP/1.1" 200 -
::1 - - [31/Oct/2025 15:59:47] "GET /welcome.html HTTP/1.1" 200 -
::1 - - [31/Oct/2025 15:59:47] "GET /signin.html HTTP/1.1" 200 -
::1 - - [31/Oct/2025 15:59:47] "GET /signup.html HTTP/1.1" 200 -
::1 - - [31/Oct/2025 15:59:47] "GET /index.html HTTP/1.1" 200 -
::1 - - [31/Oct/2025 15:59:47] "GET /hi-island-NEW.html HTTP/1.1" 200 -
::1 - - [31/Oct/2025 15:59:47] "GET /hi-muscle.html HTTP/1.1" 200 -
::1 - - [31/Oct/2025 15:59:47] "GET /profile.html HTTP/1.1" 200 -
::1 - - [31/Oct/2025 15:59:47] "GET /calendar.html HTTP/1.1" 200 -
::1 - - [31/Oct/2025 15:59:47] "GET /assets/auth-guard.js HTTP/1.1" 200 -
::1 - - [31/Oct/2025 15:59:47] "GET /assets/tesla-instant-auth.js HTTP/1.1" 200 -
::1 - - [31/Oct/2025 16:02:02] "GET /82815_stayhi_index.html?id=9f6556b1-a4e9-4070-bc50-7af1d68625a7&vscodeBrowserReqId=1761940922227 HTTP/1.1" 200 -
::1 - - [31/Oct/2025 16:02:02] "GET /assets/tesla-counter-system.js HTTP/1.1" 200 -
::1 - - [31/Oct/2025 16:02:04] "GET /sw.js HTTP/1.1" 304 -
::1 - - [31/Oct/2025 16:02:36] code 404, message File not found
::1 - - [31/Oct/2025 16:02:36] "GET /assets/sounds/hi-pulse.mp3 HTTP/1.1" 404 -
::1 - - [31/Oct/2025 16:02:36] "GET /app.html?source=welcome HTTP/1.1" 304 -
::1 - - [31/Oct/2025 16:02:36] code 404, message File not found
::1 - - [31/Oct/2025 16:02:36] "GET /assets/performance-tester.js HTTP/1.1" 404 -
::1 - - [31/Oct/2025 16:02:38] "GET /sw.js HTTP/1.1" 304 -
::1 - - [31/Oct/2025 16:06:41] "GET /82815_stayhi_index.html HTTP/1.1" 200 -
::1 - - [31/Oct/2025 16:06:49] "GET /82815_stayhi_index.html HTTP/1.1" 200 -
::1 - - [31/Oct/2025 16:06:56] "HEAD /assets/tesla-counter-system.js HTTP/1.1" 200 -
::1 - - [31/Oct/2025 16:07:00] "GET /82815_stayhi_index.html?id=9f6556b1-a4e9-4070-bc50-7af1d68625a7&vscodeBrowserReqId=1761941220572 HTTP/1.1" 200 -
::1 - - [31/Oct/2025 16:07:02] "GET /sw.js HTTP/1.1" 304 -
::1 - - [31/Oct/2025 16:07:04] "GET /82815_stayhi_index.html HTTP/1.1" 200 -
::1 - - [31/Oct/2025 16:07:04] "GET /assets/tesla-counter-system.js HTTP/1.1" 200 -
::1 - - [31/Oct/2025 16:07:08] code 404, message File not found
::1 - - [31/Oct/2025 16:07:08] "GET /assets/sounds/hi-pulse.mp3 HTTP/1.1" 404 -
::1 - - [31/Oct/2025 16:07:08] code 404, message File not found
::1 - - [31/Oct/2025 16:07:08] "GET /assets/performance-tester.js HTTP/1.1" 404 -
::1 - - [31/Oct/2025 16:07:08] "GET /sw.js HTTP/1.1" 304 -
::1 - - [31/Oct/2025 16:07:10] "GET /sw.js HTTP/1.1" 304 -
::1 - - [31/Oct/2025 16:08:06] "GET /82815_stayhi_index.html HTTP/1.1" 200 -
::1 - - [31/Oct/2025 16:08:10] "GET /82815_stayhi_index.html?id=9f6556b1-a4e9-4070-bc50-7af1d68625a7&vscodeBrowserReqId=1761941290555 HTTP/1.1" 200 -
::1 - - [31/Oct/2025 16:08:12] "GET /sw.js HTTP/1.1" 304 -
::1 - - [31/Oct/2025 16:08:20] "GET /82815_stayhi_index.html HTTP/1.1" 304 -
::1 - - [31/Oct/2025 16:08:23] code 404, message File not found
::1 - - [31/Oct/2025 16:08:23] "GET /assets/sounds/hi-pulse.mp3 HTTP/1.1" 404 -
::1 - - [31/Oct/2025 16:08:23] code 404, message File not found
::1 - - [31/Oct/2025 16:08:23] "GET /assets/performance-tester.js HTTP/1.1" 404 -
::1 - - [31/Oct/2025 16:08:23] "GET /sw.js HTTP/1.1" 304 -
::1 - - [31/Oct/2025 16:08:26] "GET /sw.js HTTP/1.1" 304 -
::1 - - [31/Oct/2025 16:08:42] code 404, message File not found
::1 - - [31/Oct/2025 16:08:42] "GET /assets/sounds/hi-pulse.mp3 HTTP/1.1" 404 -
::1 - - [31/Oct/2025 16:08:42] code 404, message File not found
::1 - - [31/Oct/2025 16:08:42] "GET /assets/performance-tester.js HTTP/1.1" 404 -
::1 - - [31/Oct/2025 16:08:42] "GET /sw.js HTTP/1.1" 304 -
::1 - - [31/Oct/2025 16:08:45] "GET /sw.js HTTP/1.1" 304 -
::1 - - [31/Oct/2025 16:12:29] "GET /82815_stayhi_index.html?id=9f6556b1-a4e9-4070-bc50-7af1d68625a7&vscodeBrowserReqId=1761941549037 HTTP/1.1" 200 -
::1 - - [31/Oct/2025 16:12:30] "GET /sw.js HTTP/1.1" 304 -
::1 - - [31/Oct/2025 16:12:33] "GET /82815_stayhi_index.html HTTP/1.1" 200 -
::1 - - [31/Oct/2025 16:12:34] "GET /welcome.html HTTP/1.1" 304 -
::1 - - [31/Oct/2025 16:12:36] "GET /sw.js HTTP/1.1" 304 -
::1 - - [31/Oct/2025 16:12:44] code 404, message File not found
::1 - - [31/Oct/2025 16:12:44] "GET /assets/sounds/hi-pulse.mp3 HTTP/1.1" 404 -
::1 - - [31/Oct/2025 16:12:44] code 404, message File not found
::1 - - [31/Oct/2025 16:12:44] "GET /assets/performance-tester.js HTTP/1.1" 404 -
::1 - - [31/Oct/2025 16:12:46] "GET /sw.js HTTP/1.1" 304 -
::1 - - [31/Oct/2025 16:21:03] "GET /82815_stayhi_index.html?id=9f6556b1-a4e9-4070-bc50-7af1d68625a7&vscodeBrowserReqId=1761942063575 HTTP/1.1" 200 -
::1 - - [31/Oct/2025 16:21:03] "GET /assets/wozniak-tracking-foundation.js HTTP/1.1" 200 -
::1 - - [31/Oct/2025 16:21:03] "GET /assets/wozniak-ui-connectors.js HTTP/1.1" 200 -
::1 - - [31/Oct/2025 16:21:03] "GET /welcome.html HTTP/1.1" 304 -
::1 - - [31/Oct/2025 16:21:05] "GET /sw.js HTTP/1.1" 304 -
::1 - - [31/Oct/2025 16:21:09] "GET /82815_stayhi_index.html HTTP/1.1" 200 -
::1 - - [31/Oct/2025 16:21:09] "GET /assets/wozniak-tracking-foundation.js HTTP/1.1" 200 -
::1 - - [31/Oct/2025 16:21:09] "GET /assets/wozniak-ui-connectors.js HTTP/1.1" 200 -
::1 - - [31/Oct/2025 16:21:12] "GET /app.html?source=welcome HTTP/1.1" 304 -
::1 - - [31/Oct/2025 16:21:12] code 404, message File not found
::1 - - [31/Oct/2025 16:21:12] "GET /assets/sounds/hi-pulse.mp3 HTTP/1.1" 404 -
::1 - - [31/Oct/2025 16:21:12] code 404, message File not found
::1 - - [31/Oct/2025 16:21:12] "GET /assets/performance-tester.js HTTP/1.1" 404 -
::1 - - [31/Oct/2025 16:21:12] "GET /sw.js HTTP/1.1" 304 -
::1 - - [31/Oct/2025 16:21:14] "GET /sw.js HTTP/1.1" 304 -
::1 - - [31/Oct/2025 16:27:44] "GET /82815_stayhi_index.html HTTP/1.1" 200 -
::1 - - [31/Oct/2025 16:28:11] "GET /82815_stayhi_index.html HTTP/1.1" 200 -
::1 - - [31/Oct/2025 16:28:12] "GET /welcome.html HTTP/1.1" 304 -
::1 - - [31/Oct/2025 16:28:15] code 404, message File not found
::1 - - [31/Oct/2025 16:28:15] "GET /assets/sounds/hi-pulse.mp3 HTTP/1.1" 404 -
::1 - - [31/Oct/2025 16:28:15] code 404, message File not found
::1 - - [31/Oct/2025 16:28:15] "GET /assets/performance-tester.js HTTP/1.1" 404 -
::1 - - [31/Oct/2025 16:28:15] "GET /sw.js HTTP/1.1" 304 -
::1 - - [31/Oct/2025 16:28:17] "GET /sw.js HTTP/1.1" 304 -
::1 - - [31/Oct/2025 16:28:51] "GET /app.html?source=welcome HTTP/1.1" 200 -
::1 - - [31/Oct/2025 16:28:51] "GET /assets/url-path-fixer.js HTTP/1.1" 200 -
::1 - - [31/Oct/2025 16:28:51] "GET /assets/progressive-auth.js HTTP/1.1" 200 -
::1 - - [31/Oct/2025 16:28:51] code 404, message File not found
::1 - - [31/Oct/2025 16:28:51] "GET /assets/anonymous-access-modal.js HTTP/1.1" 200 -
::1 - - [31/Oct/2025 16:28:51] "GET /assets/performance-tester.js HTTP/1.1" 404 -
::1 - - [31/Oct/2025 16:28:51] "GET /assets/performance-manager.js HTTP/1.1" 200 -
::1 - - [31/Oct/2025 16:28:51] "GET /assets/theme.css HTTP/1.1" 200 -
::1 - - [31/Oct/2025 16:28:51] "GET /assets/create-parity.css HTTP/1.1" 200 -
::1 - - [31/Oct/2025 16:28:51] "GET /assets/tesla-mobile-fixes.css HTTP/1.1" 200 -
::1 - - [31/Oct/2025 16:28:51] "GET /assets/premium-ux.css HTTP/1.1" 200 -
::1 - - [31/Oct/2025 16:28:51] "GET /assets/premium-calendar.css HTTP/1.1" 200 -
::1 - - [31/Oct/2025 16:28:51] "GET /assets/premium-stats.css HTTP/1.1" 200 -
::1 - - [31/Oct/2025 16:28:51] "GET /styles/modal-base.css HTTP/1.1" 200 -
::1 - - [31/Oct/2025 16:28:51] "GET /assets/premium-footer.css HTTP/1.1" 200 -
::1 - - [31/Oct/2025 16:28:51] "GET /assets/onboarding.css HTTP/1.1" 200 -
::1 - - [31/Oct/2025 16:28:51] "GET /assets/pwa-manager.js HTTP/1.1" 200 -
::1 - - [31/Oct/2025 16:28:51] "GET /assets/tesla-data-isolation.js HTTP/1.1" 200 -
::1 - - [31/Oct/2025 16:28:51] "GET /assets/brand/hi-logo-light.png HTTP/1.1" 200 -
::1 - - [31/Oct/2025 16:28:51] "GET /assets/supabase-init.js HTTP/1.1" 200 -
::1 - - [31/Oct/2025 16:28:51] "GET /assets/auth.js HTTP/1.1" 200 -
::1 - - [31/Oct/2025 16:28:51] "GET /assets/db.js HTTP/1.1" 200 -
::1 - - [31/Oct/2025 16:28:51] "GET /assets/geocoding-service.js HTTP/1.1" 200 -
::1 - - [31/Oct/2025 16:28:51] "GET /assets/header.js HTTP/1.1" 200 -
::1 - - [31/Oct/2025 16:28:51] "GET /assets/premium-ux.js HTTP/1.1" 200 -
::1 - - [31/Oct/2025 16:28:51] "GET /assets/premium-calendar.js HTTP/1.1" 200 -
::1 - - [31/Oct/2025 16:28:51] "GET /assets/global-stats.js HTTP/1.1" 200 -
::1 - - [31/Oct/2025 16:28:51] "GET /assets/system-demo.js HTTP/1.1" 200 -
::1 - - [31/Oct/2025 16:28:51] "GET /js/modal-base.js HTTP/1.1" 200 -
::1 - - [31/Oct/2025 16:28:51] "GET /assets/premium-footer.js HTTP/1.1" 200 -
::1 - - [31/Oct/2025 16:28:51] "GET /assets/onboarding.js HTTP/1.1" 200 -
::1 - - [31/Oct/2025 16:28:51] "GET /assets/create-parity.css HTTP/1.1" 200 -
::1 - - [31/Oct/2025 16:28:51] "GET /assets/theme.css HTTP/1.1" 200 -
::1 - - [31/Oct/2025 16:28:52] "GET /favicon.ico HTTP/1.1" 200 -
::1 - - [31/Oct/2025 16:28:52] "GET /assets/brand/hi-logo-dark.png HTTP/1.1" 200 -
::1 - - [31/Oct/2025 16:28:52] "GET /manifest.json HTTP/1.1" 200 -
::1 - - [31/Oct/2025 16:28:52] "GET /favicon.ico HTTP/1.1" 200 -
::1 - - [31/Oct/2025 16:28:52] "GET /assets/brand/hi-logo-192.png HTTP/1.1" 200 -
::1 - - [31/Oct/2025 16:28:52] "GET /assets/image-optimizer.js HTTP/1.1" 200 -
::1 - - [31/Oct/2025 23:27:13] "GET /app.html?source=welcome HTTP/1.1" 304 -
::1 - - [31/Oct/2025 23:27:13] code 404, message File not found
::1 - - [31/Oct/2025 23:27:13] "GET /assets/sounds/hi-pulse.mp3 HTTP/1.1" 404 -
::1 - - [31/Oct/2025 23:27:13] code 404, message File not found
::1 - - [31/Oct/2025 23:27:13] "GET /assets/performance-tester.js HTTP/1.1" 404 -
::1 - - [31/Oct/2025 23:27:15] "GET /sw.js HTTP/1.1" 304 -
::1 - - [31/Oct/2025 23:27:18] "GET /82815_stayhi_index.html?id=9f6556b1-a4e9-4070-bc50-7af1d68625a7&vscodeBrowserReqId=1761967638049 HTTP/1.1" 200 -
::1 - - [31/Oct/2025 23:27:18] "GET /welcome.html HTTP/1.1" 304 -
::1 - - [31/Oct/2025 23:27:19] "GET /sw.js HTTP/1.1" 304 -
::1 - - [31/Oct/2025 23:28:03] "GET /82815_stayhi_index.html?id=9f6556b1-a4e9-4070-bc50-7af1d68625a7&vscodeBrowserReqId=1761967683376 HTTP/1.1" 200 -
::1 - - [31/Oct/2025 23:28:05] "GET /sw.js HTTP/1.1" 304 -
::1 - - [31/Oct/2025 23:28:08] code 404, message File not found
::1 - - [31/Oct/2025 23:28:08] "GET /assets/performance-tester.js HTTP/1.1" 404 -
::1 - - [31/Oct/2025 23:28:10] "GET /sw.js HTTP/1.1" 304 -
::1 - - [31/Oct/2025 23:30:46] "GET /82815_stayhi_index.html HTTP/1.1" 200 -
::1 - - [31/Oct/2025 23:31:10] "GET /82815_stayhi_index.html HTTP/1.1" 200 -
::1 - - [31/Oct/2025 23:31:20] "HEAD /assets/wozniak-tracking-foundation.js HTTP/1.1" 200 -
::1 - - [31/Oct/2025 23:31:34] "HEAD /assets/wozniak-ui-connectors.js HTTP/1.1" 200 -
::1 - - [31/Oct/2025 23:32:08] "GET /82815_stayhi_index.html?id=9f6556b1-a4e9-4070-bc50-7af1d68625a7&vscodeBrowserReqId=1761967928099 HTTP/1.1" 200 -
::1 - - [31/Oct/2025 23:32:10] "GET /sw.js HTTP/1.1" 304 -
::1 - - [31/Oct/2025 23:32:15] code 404, message File not found
::1 - - [31/Oct/2025 23:32:15] "GET /assets/sounds/hi-pulse.mp3 HTTP/1.1" 404 -
::1 - - [31/Oct/2025 23:32:15] code 404, message File not found
::1 - - [31/Oct/2025 23:32:15] "GET /assets/performance-tester.js HTTP/1.1" 404 -
::1 - - [31/Oct/2025 23:32:17] "GET /sw.js HTTP/1.1" 304 -
::1 - - [01/Nov/2025 06:26:36] "HEAD /82815_stayhi_index.html HTTP/1.1" 200 -
::1 - - [01/Nov/2025 06:27:29] "GET /82815_stayhi_index.html HTTP/1.1" 200 -
::1 - - [01/Nov/2025 06:27:29] "GET /assets/auth-guard.js HTTP/1.1" 304 -
::1 - - [01/Nov/2025 06:27:29] "GET /assets/wozniak-ui-connectors.js HTTP/1.1" 304 -
::1 - - [01/Nov/2025 06:27:29] "GET /assets/wozniak-tracking-foundation.js HTTP/1.1" 304 -
::1 - - [01/Nov/2025 06:27:34] code 404, message File not found
::1 - - [01/Nov/2025 06:27:34] "GET /assets/sounds/hi-pulse.mp3 HTTP/1.1" 404 -
